<?xml version="1.0" encoding="UTF-8"?>
<!-- Generated by org.testng.reporters.JUnitReportReporter -->
<testsuite hostname="DESKTOP-282LJO3" failures="0" tests="3" name="Test_LumaSite.ForgotPwdPg_Verify" time="23.977" errors="0" timestamp="2024-06-17T09:24:07 IST" skipped="0">
  <testcase classname="Test_LumaSite.ForgotPwdPg_Verify" name="verifyFrgtPwdLinkDisplay_Test" time="8.195"/>
  <system-out/>
  <testcase classname="Test_LumaSite.ForgotPwdPg_Verify" name="verifyResetpwdfunction_Test" time="8.653"/>
  <system-out/>
  <testcase classname="Test_LumaSite.ForgotPwdPg_Verify" name="verifyFrgtPwdFunction_Test" time="7.129"/>
  <system-out/>
</testsuite> <!-- Test_LumaSite.ForgotPwdPg_Verify -->
