<?xml version="1.0" encoding="UTF-8"?>
<!-- Generated by org.testng.reporters.JUnitReportReporter -->
<testsuite hostname="DESKTOP-282LJO3" failures="0" tests="7" name="Test_LumaSite.SignInpage_verify" time="16.229" errors="0" timestamp="2024-06-08T14:28:22 IST" skipped="6">
  <testcase classname="Test_LumaSite.SignInpage_verify" name="verifyResetpwdfunction_Test" time="16.229"/>
  <system-out/>
  <testcase classname="Test_LumaSite.SignInpage_verify" name="verifyCrtActBtn_Test">
    <skipped/>
  </testcase> <!-- verifyCrtActBtn_Test -->
  <system-out/>
  <testcase classname="Test_LumaSite.SignInpage_verify" name="verifyEmailTxtDisplay_Test">
    <skipped/>
  </testcase> <!-- verifyEmailTxtDisplay_Test -->
  <system-out/>
  <testcase classname="Test_LumaSite.SignInpage_verify" name="verifySignInlinkfunction_Test">
    <skipped/>
  </testcase> <!-- verifySignInlinkfunction_Test -->
  <system-out/>
  <testcase classname="Test_LumaSite.SignInpage_verify" name="verifyForgotPwdFunction_Test">
    <skipped/>
  </testcase> <!-- verifyForgotPwdFunction_Test -->
  <system-out/>
  <testcase classname="Test_LumaSite.SignInpage_verify" name="verifyForgotPwdLinkDisplay_Test">
    <skipped/>
  </testcase> <!-- verifyForgotPwdLinkDisplay_Test -->
  <system-out/>
  <testcase classname="Test_LumaSite.SignInpage_verify" name="verifyPasswordTxtDisplay_Test">
    <skipped/>
  </testcase> <!-- verifyPasswordTxtDisplay_Test -->
  <system-out/>
</testsuite> <!-- Test_LumaSite.SignInpage_verify -->
