<?xml version="1.0" encoding="UTF-8"?>
<!-- Generated by org.testng.reporters.JUnitReportReporter -->
<testsuite hostname="DESKTOP-282LJO3" failures="0" tests="5" name="Test_LumaSite.Homepage_verify" time="61.762" errors="0" timestamp="2024-06-08T14:12:46 IST" skipped="0">
  <testcase classname="Test_LumaSite.Homepage_verify" name="verifyPageTitle_Test" time="9.882"/>
  <system-out/>
  <testcase classname="Test_LumaSite.Homepage_verify" name="VerifyLogoDisplay_Test" time="13.716"/>
  <system-out/>
  <testcase classname="Test_LumaSite.Homepage_verify" name="verifySignInlinkDisplay_Test" time="13.535"/>
  <system-out/>
  <testcase classname="Test_LumaSite.Homepage_verify" name="verifyCreateAccountDisplay_Test" time="13.365"/>
  <system-out/>
  <testcase classname="Test_LumaSite.Homepage_verify" name="verifySearchboxDisplay_Test" time="11.264"/>
  <system-out/>
</testsuite> <!-- Test_LumaSite.Homepage_verify -->
