<?xml version="1.0" encoding="UTF-8"?>
<!-- Generated by org.testng.reporters.JUnitReportReporter -->
<testsuite hostname="DESKTOP-282LJO3" failures="0" tests="5" name="Test_LumaSite.Homepage_verify" time="62.132" errors="0" timestamp="2024-06-13T17:31:26 IST" skipped="0">
  <testcase classname="Test_LumaSite.Homepage_verify" name="verifyPageTitle_Test" time="10.632"/>
  <system-out/>
  <testcase classname="Test_LumaSite.Homepage_verify" name="VerifyLogoDisplay_Test" time="11.900"/>
  <system-out/>
  <testcase classname="Test_LumaSite.Homepage_verify" name="verifySignInlinkDisplay_Test" time="11.710"/>
  <system-out/>
  <testcase classname="Test_LumaSite.Homepage_verify" name="verifyCreateAccountDisplay_Test" time="15.994"/>
  <system-out/>
  <testcase classname="Test_LumaSite.Homepage_verify" name="verifySearchboxDisplay_Test" time="11.896"/>
  <system-out/>
</testsuite> <!-- Test_LumaSite.Homepage_verify -->
