<?xml version="1.0" encoding="UTF-8"?>
<!-- Generated by org.testng.reporters.JUnitReportReporter -->
<testsuite hostname="DESKTOP-282LJO3" failures="0" tests="6" name="Test_LumaSite.CrtActpgErrMsg_Verify" time="43.435" errors="0" timestamp="2024-06-17T09:21:44 IST" skipped="0">
  <testcase classname="Test_LumaSite.CrtActpgErrMsg_Verify" name="Verify_CnfPwdErmsg_Test" time="7.135"/>
  <system-out/>
  <testcase classname="Test_LumaSite.CrtActpgErrMsg_Verify" name="Verify_PwdErmsg_Test" time="6.172"/>
  <system-out/>
  <testcase classname="Test_LumaSite.CrtActpgErrMsg_Verify" name="Verify_AllTxtErmsg_Test" time="7.009"/>
  <system-out/>
  <testcase classname="Test_LumaSite.CrtActpgErrMsg_Verify" name="Verify_FnameErmsg_Test" time="10.748"/>
  <system-out/>
  <testcase classname="Test_LumaSite.CrtActpgErrMsg_Verify" name="Verify_LstnameErmsg_Test" time="6.415"/>
  <system-out/>
  <testcase classname="Test_LumaSite.CrtActpgErrMsg_Verify" name="Verify_EmlErmsg_Test" time="5.956"/>
  <system-out/>
</testsuite> <!-- Test_LumaSite.CrtActpgErrMsg_Verify -->
