<?xml version="1.0" encoding="UTF-8"?>
<!-- Generated by org.testng.reporters.JUnitReportReporter -->
<testsuite hostname="DESKTOP-282LJO3" failures="0" tests="5" name="Test_LumaSite.WomenMenu_Verify" time="95.743" errors="0" timestamp="2024-06-17T11:16:45 IST" skipped="0">
  <testcase classname="Test_LumaSite.WomenMenu_Verify" name="ClickWomenBottoms_Test" time="16.668"/>
  <system-out/>
  <testcase classname="Test_LumaSite.WomenMenu_Verify" name="ClickWomen_Test" time="17.024"/>
  <system-out/>
  <testcase classname="Test_LumaSite.WomenMenu_Verify" name="CountOFAddtoCart_Verify_Test" time="19.218"/>
  <system-out/>
  <testcase classname="Test_LumaSite.WomenMenu_Verify" name="ClickWmTopRaincoat_Test" time="27.938"/>
  <system-out/>
  <testcase classname="Test_LumaSite.WomenMenu_Verify" name="ClickWomenTops_Test" time="14.895"/>
  <system-out/>
</testsuite> <!-- Test_LumaSite.WomenMenu_Verify -->
