<?xml version="1.0" encoding="UTF-8"?>
<!-- Generated by org.testng.reporters.JUnitReportReporter -->
<testsuite hostname="DESKTOP-282LJO3" failures="0" tests="3" name="Test_LumaSite.SignInpgErrMsg_Verify" time="21.985" errors="0" timestamp="2024-06-17T10:38:05 IST" skipped="0">
  <testcase classname="Test_LumaSite.SignInpgErrMsg_Verify" name="Verify_PwdErrorMsg_Test" time="5.964"/>
  <system-out/>
  <testcase classname="Test_LumaSite.SignInpgErrMsg_Verify" name="Verify_EmlPwdErMsg_Test" time="8.872"/>
  <system-out/>
  <testcase classname="Test_LumaSite.SignInpgErrMsg_Verify" name="Verify_EmailErrorMsg_Test" time="7.149"/>
  <system-out/>
</testsuite> <!-- Test_LumaSite.SignInpgErrMsg_Verify -->
