<?xml version="1.0" encoding="UTF-8"?>
<!-- Generated by org.testng.reporters.JUnitReportReporter -->
<testsuite hostname="DESKTOP-282LJO3" failures="0" tests="4" name="Test_LumaSite.SignInpgEleDisplay_Verify" time="36.834" errors="0" timestamp="2024-06-17T09:29:16 IST" skipped="0">
  <testcase classname="Test_LumaSite.SignInpgEleDisplay_Verify" name="verifyEmailTxtDisplay_Test" time="7.638"/>
  <system-out/>
  <testcase classname="Test_LumaSite.SignInpgEleDisplay_Verify" name="verifySignInlinkfunction_Test" time="14.493"/>
  <system-out/>
  <testcase classname="Test_LumaSite.SignInpgEleDisplay_Verify" name="verifyCrtActBtn_Test" time="7.556"/>
  <system-out/>
  <testcase classname="Test_LumaSite.SignInpgEleDisplay_Verify" name="verifyPasswordTxtDisplay_Test" time="7.147"/>
  <system-out/>
</testsuite> <!-- Test_LumaSite.SignInpgEleDisplay_Verify -->
